  Application.cpp
C:\Program Files (x86)\Windows Kits\10\Include\10.0.18362.0\ucrt\corecrt_math_defines.h(22,1): warning C4005: 'M_PI': redefinición de macro
F:\Documentos\GitHub\Isolate_Engine_Reborn\NULL Engine\Source\Dependencies\SDL\include\SDL_stdinc.h(508): message : vea la definición anterior de 'M_PI'
  Component.cpp
F:\Documentos\GitHub\Isolate_Engine_Reborn\NULL Engine\Source\Dependencies\MathGeoLib\include\Geometry\AABB2D.h(135,3): warning C4996: 'sprintf': This function or variable may be unsafe. Consider using sprintf_s instead. To disable deprecation, use _CRT_SECURE_NO_WARNINGS. See online help for details.
  C_Camera.cpp
F:\Documentos\GitHub\Isolate_Engine_Reborn\NULL Engine\Source\Dependencies\MathGeoLib\include\Geometry\AABB2D.h(135,3): warning C4996: 'sprintf': This function or variable may be unsafe. Consider using sprintf_s instead. To disable deprecation, use _CRT_SECURE_NO_WARNINGS. See online help for details.
C:\Program Files (x86)\Microsoft Visual Studio\2019\Community\VC\Tools\MSVC\14.27.29110\include\ostream(412,1): warning C4530: Se ha utilizado el controlador de excepciones de C++, pero la semántica de desenredo no está habilitada. Especifique /EHsc
C:\Program Files (x86)\Microsoft Visual Studio\2019\Community\VC\Tools\MSVC\14.27.29110\include\ostream(405): message : al compilar la función del miembro clase plantilla "std::basic_ostream<char,std::char_traits<char>> &std::basic_ostream<char,std::char_traits<char>>::operator <<(double)"
F:\Documentos\GitHub\Isolate_Engine_Reborn\NULL Engine\Source\Dependencies\MathGeoLib\include\Math\assume.h(126): message : Vea la referencia a la creación de una instancia de la función plantilla "std::basic_ostream<char,std::char_traits<char>> &std::basic_ostream<char,std::char_traits<char>>::operator <<(double)" que se está compilando
C:\Program Files (x86)\Microsoft Visual Studio\2019\Community\VC\Tools\MSVC\14.27.29110\include\istream(703): message : Vea la referencia a la creación de una instancia de clase plantilla "std::basic_ostream<char,std::char_traits<char>>" que se está compilando
C:\Program Files (x86)\Microsoft Visual Studio\2019\Community\VC\Tools\MSVC\14.27.29110\include\sstream(515): message : Vea la referencia a la creación de una instancia de clase plantilla "std::basic_iostream<char,std::char_traits<char>>" que se está compilando
F:\Documentos\GitHub\Isolate_Engine_Reborn\NULL Engine\Source\Dependencies\MathGeoLib\include\Math\assume.h(113): message : Vea la referencia a la creación de una instancia de clase plantilla "std::basic_stringstream<char,std::char_traits<char>,std::allocator<char>>" que se está compilando
  C_Light.cpp
F:\Documentos\GitHub\Isolate_Engine_Reborn\NULL Engine\Source\Dependencies\MathGeoLib\include\Geometry\AABB2D.h(135,3): warning C4996: 'sprintf': This function or variable may be unsafe. Consider using sprintf_s instead. To disable deprecation, use _CRT_SECURE_NO_WARNINGS. See online help for details.
C:\Program Files (x86)\Microsoft Visual Studio\2019\Community\VC\Tools\MSVC\14.27.29110\include\ostream(412,1): warning C4530: Se ha utilizado el controlador de excepciones de C++, pero la semántica de desenredo no está habilitada. Especifique /EHsc
C:\Program Files (x86)\Microsoft Visual Studio\2019\Community\VC\Tools\MSVC\14.27.29110\include\ostream(405): message : al compilar la función del miembro clase plantilla "std::basic_ostream<char,std::char_traits<char>> &std::basic_ostream<char,std::char_traits<char>>::operator <<(double)"
F:\Documentos\GitHub\Isolate_Engine_Reborn\NULL Engine\Source\Dependencies\MathGeoLib\include\Math\assume.h(126): message : Vea la referencia a la creación de una instancia de la función plantilla "std::basic_ostream<char,std::char_traits<char>> &std::basic_ostream<char,std::char_traits<char>>::operator <<(double)" que se está compilando
C:\Program Files (x86)\Microsoft Visual Studio\2019\Community\VC\Tools\MSVC\14.27.29110\include\istream(703): message : Vea la referencia a la creación de una instancia de clase plantilla "std::basic_ostream<char,std::char_traits<char>>" que se está compilando
C:\Program Files (x86)\Microsoft Visual Studio\2019\Community\VC\Tools\MSVC\14.27.29110\include\sstream(515): message : Vea la referencia a la creación de una instancia de clase plantilla "std::basic_iostream<char,std::char_traits<char>>" que se está compilando
F:\Documentos\GitHub\Isolate_Engine_Reborn\NULL Engine\Source\Dependencies\MathGeoLib\include\Math\assume.h(113): message : Vea la referencia a la creación de una instancia de clase plantilla "std::basic_stringstream<char,std::char_traits<char>,std::allocator<char>>" que se está compilando
  C_Material.cpp
F:\Documentos\GitHub\Isolate_Engine_Reborn\NULL Engine\Source\Dependencies\MathGeoLib\include\Geometry\AABB2D.h(135,3): warning C4996: 'sprintf': This function or variable may be unsafe. Consider using sprintf_s instead. To disable deprecation, use _CRT_SECURE_NO_WARNINGS. See online help for details.
C:\Program Files (x86)\Microsoft Visual Studio\2019\Community\VC\Tools\MSVC\14.27.29110\include\ostream(412,1): warning C4530: Se ha utilizado el controlador de excepciones de C++, pero la semántica de desenredo no está habilitada. Especifique /EHsc
C:\Program Files (x86)\Microsoft Visual Studio\2019\Community\VC\Tools\MSVC\14.27.29110\include\ostream(405): message : al compilar la función del miembro clase plantilla "std::basic_ostream<char,std::char_traits<char>> &std::basic_ostream<char,std::char_traits<char>>::operator <<(double)"
F:\Documentos\GitHub\Isolate_Engine_Reborn\NULL Engine\Source\Dependencies\MathGeoLib\include\Math\assume.h(126): message : Vea la referencia a la creación de una instancia de la función plantilla "std::basic_ostream<char,std::char_traits<char>> &std::basic_ostream<char,std::char_traits<char>>::operator <<(double)" que se está compilando
C:\Program Files (x86)\Microsoft Visual Studio\2019\Community\VC\Tools\MSVC\14.27.29110\include\istream(703): message : Vea la referencia a la creación de una instancia de clase plantilla "std::basic_ostream<char,std::char_traits<char>>" que se está compilando
C:\Program Files (x86)\Microsoft Visual Studio\2019\Community\VC\Tools\MSVC\14.27.29110\include\sstream(515): message : Vea la referencia a la creación de una instancia de clase plantilla "std::basic_iostream<char,std::char_traits<char>>" que se está compilando
F:\Documentos\GitHub\Isolate_Engine_Reborn\NULL Engine\Source\Dependencies\MathGeoLib\include\Math\assume.h(113): message : Vea la referencia a la creación de una instancia de clase plantilla "std::basic_stringstream<char,std::char_traits<char>,std::allocator<char>>" que se está compilando
  C_Mesh.cpp
F:\Documentos\GitHub\Isolate_Engine_Reborn\NULL Engine\Source\Dependencies\MathGeoLib\include\Geometry\AABB2D.h(135,3): warning C4996: 'sprintf': This function or variable may be unsafe. Consider using sprintf_s instead. To disable deprecation, use _CRT_SECURE_NO_WARNINGS. See online help for details.
  C_Transform.cpp
F:\Documentos\GitHub\Isolate_Engine_Reborn\NULL Engine\Source\Dependencies\MathGeoLib\include\Geometry\AABB2D.h(135,3): warning C4996: 'sprintf': This function or variable may be unsafe. Consider using sprintf_s instead. To disable deprecation, use _CRT_SECURE_NO_WARNINGS. See online help for details.
C:\Program Files (x86)\Microsoft Visual Studio\2019\Community\VC\Tools\MSVC\14.27.29110\include\ostream(412,1): warning C4530: Se ha utilizado el controlador de excepciones de C++, pero la semántica de desenredo no está habilitada. Especifique /EHsc
C:\Program Files (x86)\Microsoft Visual Studio\2019\Community\VC\Tools\MSVC\14.27.29110\include\ostream(405): message : al compilar la función del miembro clase plantilla "std::basic_ostream<char,std::char_traits<char>> &std::basic_ostream<char,std::char_traits<char>>::operator <<(double)"
F:\Documentos\GitHub\Isolate_Engine_Reborn\NULL Engine\Source\Dependencies\MathGeoLib\include\Math\assume.h(126): message : Vea la referencia a la creación de una instancia de la función plantilla "std::basic_ostream<char,std::char_traits<char>> &std::basic_ostream<char,std::char_traits<char>>::operator <<(double)" que se está compilando
C:\Program Files (x86)\Microsoft Visual Studio\2019\Community\VC\Tools\MSVC\14.27.29110\include\istream(703): message : Vea la referencia a la creación de una instancia de clase plantilla "std::basic_ostream<char,std::char_traits<char>>" que se está compilando
C:\Program Files (x86)\Microsoft Visual Studio\2019\Community\VC\Tools\MSVC\14.27.29110\include\sstream(515): message : Vea la referencia a la creación de una instancia de clase plantilla "std::basic_iostream<char,std::char_traits<char>>" que se está compilando
F:\Documentos\GitHub\Isolate_Engine_Reborn\NULL Engine\Source\Dependencies\MathGeoLib\include\Math\assume.h(113): message : Vea la referencia a la creación de una instancia de clase plantilla "std::basic_stringstream<char,std::char_traits<char>,std::allocator<char>>" que se está compilando
  E_About.cpp
  E_EngineConfiguration.cpp
F:\Documentos\GitHub\Isolate_Engine_Reborn\NULL Engine\Source\E_EngineConfiguration.cpp(561,15): warning C4996: 'strdup': The POSIX name for this item is deprecated. Instead, use the ISO C and C++ conformant name: _strdup. See online help for details.
  E_Console.cpp
F:\Documentos\GitHub\Isolate_Engine_Reborn\NULL Engine\Source\E_Console.cpp(46,14): warning C4996: 'strdup': The POSIX name for this item is deprecated. Instead, use the ISO C and C++ conformant name: _strdup. See online help for details.
F:\Documentos\GitHub\Isolate_Engine_Reborn\NULL Engine\Source\E_Console.cpp(94,20): warning C4018: '<': no coinciden signed/unsigned
  E_Hierarchy.cpp
F:\Documentos\GitHub\Isolate_Engine_Reborn\NULL Engine\Source\Dependencies\MathGeoLib\include\Geometry\AABB2D.h(135,3): warning C4996: 'sprintf': This function or variable may be unsafe. Consider using sprintf_s instead. To disable deprecation, use _CRT_SECURE_NO_WARNINGS. See online help for details.
  E_Inspector.cpp
F:\Documentos\GitHub\Isolate_Engine_Reborn\NULL Engine\Source\Dependencies\MathGeoLib\include\Geometry\AABB2D.h(135,3): warning C4996: 'sprintf': This function or variable may be unsafe. Consider using sprintf_s instead. To disable deprecation, use _CRT_SECURE_NO_WARNINGS. See online help for details.
F:\Documentos\GitHub\Isolate_Engine_Reborn\NULL Engine\Source\E_Inspector.cpp(85,2): warning C4996: 'strcpy': This function or variable may be unsafe. Consider using strcpy_s instead. To disable deprecation, use _CRT_SECURE_NO_WARNINGS. See online help for details.
C:\Program Files (x86)\Microsoft Visual Studio\2019\Community\VC\Tools\MSVC\14.27.29110\include\ostream(412,1): warning C4530: Se ha utilizado el controlador de excepciones de C++, pero la semántica de desenredo no está habilitada. Especifique /EHsc
C:\Program Files (x86)\Microsoft Visual Studio\2019\Community\VC\Tools\MSVC\14.27.29110\include\ostream(405): message : al compilar la función del miembro clase plantilla "std::basic_ostream<char,std::char_traits<char>> &std::basic_ostream<char,std::char_traits<char>>::operator <<(double)"
F:\Documentos\GitHub\Isolate_Engine_Reborn\NULL Engine\Source\Dependencies\MathGeoLib\include\Math\assume.h(126): message : Vea la referencia a la creación de una instancia de la función plantilla "std::basic_ostream<char,std::char_traits<char>> &std::basic_ostream<char,std::char_traits<char>>::operator <<(double)" que se está compilando
C:\Program Files (x86)\Microsoft Visual Studio\2019\Community\VC\Tools\MSVC\14.27.29110\include\istream(703): message : Vea la referencia a la creación de una instancia de clase plantilla "std::basic_ostream<char,std::char_traits<char>>" que se está compilando
C:\Program Files (x86)\Microsoft Visual Studio\2019\Community\VC\Tools\MSVC\14.27.29110\include\sstream(515): message : Vea la referencia a la creación de una instancia de clase plantilla "std::basic_iostream<char,std::char_traits<char>>" que se está compilando
F:\Documentos\GitHub\Isolate_Engine_Reborn\NULL Engine\Source\Dependencies\MathGeoLib\include\Math\assume.h(113): message : Vea la referencia a la creación de una instancia de clase plantilla "std::basic_stringstream<char,std::char_traits<char>,std::allocator<char>>" que se está compilando
  E_ImGuiDemo.cpp
  E_StateBar.cpp
  E_Toolbar.cpp
  GameObject.cpp
F:\Documentos\GitHub\Isolate_Engine_Reborn\NULL Engine\Source\Dependencies\MathGeoLib\include\Geometry\AABB2D.h(135,3): warning C4996: 'sprintf': This function or variable may be unsafe. Consider using sprintf_s instead. To disable deprecation, use _CRT_SECURE_NO_WARNINGS. See online help for details.
  M_Editor.cpp
F:\Documentos\GitHub\Isolate_Engine_Reborn\NULL Engine\Source\Dependencies\MathGeoLib\include\Geometry\AABB2D.h(135,3): warning C4996: 'sprintf': This function or variable may be unsafe. Consider using sprintf_s instead. To disable deprecation, use _CRT_SECURE_NO_WARNINGS. See online help for details.
  M_Camera3D.cpp
F:\Documentos\GitHub\Isolate_Engine_Reborn\NULL Engine\Source\M_Camera3D.cpp(283,11): warning C4244: 'argumento': conversión de 'int' a 'float'; posible pérdida de datos
F:\Documentos\GitHub\Isolate_Engine_Reborn\NULL Engine\Source\M_Camera3D.cpp(288,11): warning C4244: 'argumento': conversión de 'int' a 'float'; posible pérdida de datos
F:\Documentos\GitHub\Isolate_Engine_Reborn\NULL Engine\Source\M_Camera3D.cpp(298,39): warning C4244: 'argumento': conversión de 'int' a 'float'; posible pérdida de datos
  M_Input.cpp
  M_Renderer3D.cpp
F:\Documentos\GitHub\Isolate_Engine_Reborn\NULL Engine\Source\M_Renderer3D.h(23,14): warning C4099: 'aiScene': nombre de tipo visto anteriormente usando 'struct' ahora se ve usando 'class'
F:\Documentos\GitHub\Isolate_Engine_Reborn\NULL Engine\Source\I_Materials.h(4): message : vea la declaración de 'aiScene'
  Generando código...
  Compilando...
  M_SceneIntro.cpp
F:\Documentos\GitHub\Isolate_Engine_Reborn\NULL Engine\Source\I_Meshes.h(8,15): warning C4099: 'aiScene': nombre de tipo visto anteriormente usando 'class' ahora se ve usando 'struct'
F:\Documentos\GitHub\Isolate_Engine_Reborn\NULL Engine\Source\M_Renderer3D.h(23): message : vea la declaración de 'aiScene'
F:\Documentos\GitHub\Isolate_Engine_Reborn\NULL Engine\Source\I_Materials.h(4,15): warning C4099: 'aiScene': nombre de tipo visto anteriormente usando 'class' ahora se ve usando 'struct'
F:\Documentos\GitHub\Isolate_Engine_Reborn\NULL Engine\Source\I_Meshes.h(8): message : vea la declaración de 'aiScene'
F:\Documentos\GitHub\Isolate_Engine_Reborn\NULL Engine\Source\Dependencies\MathGeoLib\include\Geometry\AABB2D.h(135,3): warning C4996: 'sprintf': This function or variable may be unsafe. Consider using sprintf_s instead. To disable deprecation, use _CRT_SECURE_NO_WARNINGS. See online help for details.
  R_Model.cpp
F:\Documentos\GitHub\Isolate_Engine_Reborn\NULL Engine\Source\M_Renderer3D.h(23,14): warning C4099: 'aiScene': nombre de tipo visto anteriormente usando 'struct' ahora se ve usando 'class'
F:\Documentos\GitHub\Isolate_Engine_Reborn\NULL Engine\Source\I_Meshes.h(8): message : vea la declaración de 'aiScene'
  Generando código...
  NULL Engine.vcxproj -> F:\Documentos\GitHub\Isolate_Engine_Reborn\NULL Engine\.\Build\NULL Engine.exe
